2026-02-12 01:39:06 [INFO] 📝 Log file created at: E:\MCI\FINAL PROJECT\logs\indexing_bert-base-parsbert-uncased_2026-02-12_01-39-06.log
2026-02-12 01:39:06 [INFO] ⏱️  Starting Indexing Pipeline
2026-02-12 01:39:06 [INFO] ⚙️  Model: HooshvareLab/bert-base-parsbert-uncased | Batch: 64
2026-02-12 01:39:06 [INFO] 📂 Database Path: E:\MCI\FINAL PROJECT\DBs
2026-02-12 01:39:06 [INFO] 🔄 Loading Model: HooshvareLab/bert-base-parsbert-uncased...
2026-02-12 01:39:06 [INFO] 🚀 Using Device: cuda
2026-02-12 01:39:06 [INFO] Load pretrained SentenceTransformer: HooshvareLab/bert-base-parsbert-uncased
2026-02-12 01:39:07 [INFO] HTTP Request: HEAD https://huggingface.co/HooshvareLab/bert-base-parsbert-uncased/resolve/main/modules.json "HTTP/1.1 404 Not Found"
2026-02-12 01:39:07 [WARNING] No sentence-transformers model found with name HooshvareLab/bert-base-parsbert-uncased. Creating a new one with mean pooling.
2026-02-12 01:39:07 [INFO] HTTP Request: HEAD https://huggingface.co/HooshvareLab/bert-base-parsbert-uncased/resolve/main/adapter_config.json "HTTP/1.1 404 Not Found"
2026-02-12 01:39:07 [INFO] HTTP Request: HEAD https://huggingface.co/HooshvareLab/bert-base-parsbert-uncased/resolve/main/config.json "HTTP/1.1 307 Temporary Redirect"
2026-02-12 01:39:07 [INFO] HTTP Request: HEAD https://huggingface.co/api/resolve-cache/models/HooshvareLab/bert-base-parsbert-uncased/d73a0e2c7492c33bd5819bcdb23eba207404dd19/config.json "HTTP/1.1 200 OK"
2026-02-12 01:39:08 [INFO] HTTP Request: HEAD https://huggingface.co/HooshvareLab/bert-base-parsbert-uncased/resolve/main/pytorch_model.bin "HTTP/1.1 302 Found"
2026-02-12 01:39:08 [INFO] HTTP Request: GET https://huggingface.co/api/models/HooshvareLab/bert-base-parsbert-uncased/xet-read-token/d73a0e2c7492c33bd5819bcdb23eba207404dd19 "HTTP/1.1 200 OK"
2026-02-12 01:51:20 [INFO] HTTP Request: HEAD https://huggingface.co/HooshvareLab/bert-base-parsbert-uncased/resolve/main/model.safetensors "HTTP/1.1 404 Not Found"
2026-02-12 01:51:21 [INFO] HTTP Request: GET https://huggingface.co/api/models/HooshvareLab/bert-base-parsbert-uncased "HTTP/1.1 200 OK"
2026-02-12 01:51:21 [INFO] HTTP Request: GET https://huggingface.co/api/models/HooshvareLab/bert-base-parsbert-uncased/commits/main "HTTP/1.1 200 OK"
2026-02-12 01:51:21 [INFO] HTTP Request: GET https://huggingface.co/api/models/HooshvareLab/bert-base-parsbert-uncased/discussions?p=0 "HTTP/1.1 200 OK"
2026-02-12 01:51:21 [INFO] HTTP Request: GET https://huggingface.co/api/models/HooshvareLab/bert-base-parsbert-uncased/commits/refs%2Fpr%2F1 "HTTP/1.1 200 OK"
2026-02-12 01:51:21 [INFO] HTTP Request: HEAD https://huggingface.co/HooshvareLab/bert-base-parsbert-uncased/resolve/main/config.json "HTTP/1.1 307 Temporary Redirect"
2026-02-12 01:51:22 [INFO] HTTP Request: HEAD https://huggingface.co/HooshvareLab/bert-base-parsbert-uncased/resolve/refs%2Fpr%2F1/model.safetensors.index.json "HTTP/1.1 404 Not Found"
2026-02-12 01:51:22 [INFO] HTTP Request: HEAD https://huggingface.co/api/resolve-cache/models/HooshvareLab/bert-base-parsbert-uncased/d73a0e2c7492c33bd5819bcdb23eba207404dd19/config.json "HTTP/1.1 200 OK"
2026-02-12 01:51:22 [INFO] HTTP Request: HEAD https://huggingface.co/HooshvareLab/bert-base-parsbert-uncased/resolve/refs%2Fpr%2F1/model.safetensors "HTTP/1.1 302 Found"
2026-02-12 01:51:22 [INFO] HTTP Request: HEAD https://huggingface.co/HooshvareLab/bert-base-parsbert-uncased/resolve/main/tokenizer_config.json "HTTP/1.1 404 Not Found"
2026-02-12 01:51:22 [INFO] HTTP Request: GET https://huggingface.co/api/models/HooshvareLab/bert-base-parsbert-uncased/xet-read-token/dd413c3d9467e73b9dcd760520f5e467f6a9c3a6 "HTTP/1.1 200 OK"
2026-02-12 01:51:22 [INFO] HTTP Request: HEAD https://huggingface.co/HooshvareLab/bert-base-parsbert-uncased/resolve/main/tokenizer_config.json "HTTP/1.1 404 Not Found"
2026-02-12 01:51:22 [INFO] HTTP Request: GET https://huggingface.co/api/models/HooshvareLab/bert-base-parsbert-uncased/tree/main/additional_chat_templates?recursive=false&expand=false "HTTP/1.1 404 Not Found"
2026-02-12 01:51:23 [INFO] HTTP Request: GET https://huggingface.co/api/models/HooshvareLab/bert-base-parsbert-uncased/tree/main?recursive=true&expand=false "HTTP/1.1 200 OK"
2026-02-12 01:51:23 [INFO] HTTP Request: HEAD https://huggingface.co/HooshvareLab/bert-base-parsbert-uncased/resolve/main/vocab.txt "HTTP/1.1 307 Temporary Redirect"
2026-02-12 01:51:23 [INFO] HTTP Request: HEAD https://huggingface.co/api/resolve-cache/models/HooshvareLab/bert-base-parsbert-uncased/d73a0e2c7492c33bd5819bcdb23eba207404dd19/vocab.txt "HTTP/1.1 200 OK"
2026-02-12 01:51:23 [INFO] HTTP Request: GET https://huggingface.co/api/resolve-cache/models/HooshvareLab/bert-base-parsbert-uncased/d73a0e2c7492c33bd5819bcdb23eba207404dd19/vocab.txt "HTTP/1.1 200 OK"
2026-02-12 01:51:24 [INFO] HTTP Request: HEAD https://huggingface.co/HooshvareLab/bert-base-parsbert-uncased/resolve/main/tokenizer.json "HTTP/1.1 404 Not Found"
2026-02-12 01:51:24 [INFO] HTTP Request: HEAD https://huggingface.co/HooshvareLab/bert-base-parsbert-uncased/resolve/main/added_tokens.json "HTTP/1.1 404 Not Found"
2026-02-12 01:51:25 [INFO] HTTP Request: HEAD https://huggingface.co/HooshvareLab/bert-base-parsbert-uncased/resolve/main/special_tokens_map.json "HTTP/1.1 404 Not Found"
2026-02-12 01:51:25 [INFO] HTTP Request: HEAD https://huggingface.co/HooshvareLab/bert-base-parsbert-uncased/resolve/main/chat_template.jinja "HTTP/1.1 404 Not Found"
2026-02-12 01:51:25 [INFO] HTTP Request: GET https://huggingface.co/api/models/HooshvareLab/bert-base-parsbert-uncased "HTTP/1.1 200 OK"
2026-02-12 01:51:26 [INFO] 💾 Connecting to Qdrant Local at: E:\MCI\FINAL PROJECT\DBs\qdrant_bert-base-parsbert-uncased
2026-02-12 01:51:27 [INFO] ========================================
2026-02-12 01:51:27 [INFO] 🛠️  CREATING QDRANT INDEX: legal_rag_bert-base-parsbert-uncased
2026-02-12 01:51:27 [INFO]    - Vector Size: 768
2026-02-12 01:51:27 [INFO]    - M (Edges): 16
2026-02-12 01:51:27 [INFO]    - ef_construct: 100
2026-02-12 01:51:27 [INFO] ========================================
2026-02-12 01:51:27 [INFO] 📂 Found 1026 files to index.
2026-02-12 06:10:42 [INFO] ========================================
2026-02-12 06:10:42 [INFO] 🎉 Indexing Complete!
2026-02-12 06:10:42 [INFO] 📊 Total Chunks: 258785
2026-02-12 06:10:42 [INFO] ⏱️  Time: 16296.77s (271.6 min)
2026-02-12 06:10:42 [INFO] ========================================
