2026-02-09 11:15:36 [INFO] ๐ Retrieval Log file created at: E:\MCI\FINAL PROJECT\logs\retrieval_multilingual-e5-base_2026-02-09_11-15-36.log
2026-02-09 11:15:36 [INFO] โณ Loading Embedder...
2026-02-09 11:15:36 [INFO] ๐ Loading Model: intfloat/multilingual-e5-base...
2026-02-09 11:15:37 [INFO] ๐ Using Device: cuda
2026-02-09 11:15:37 [INFO] Load pretrained SentenceTransformer: intfloat/multilingual-e5-base
2026-02-09 11:15:41 [INFO] ๐ Opening Database: E:\MCI\FINAL PROJECT\DBs\qdrant_multilingual-e5-base
2026-02-09 11:15:41 [INFO] [RETRIEVER] Connecting to Qdrant at: E:\MCI\FINAL PROJECT\DBs\qdrant_multilingual-e5-base
2026-02-09 11:15:58 [INFO] โ๏ธ  Loading Re-ranker...
2026-02-09 11:15:58 [INFO] [RERANKER] loading model: BAAI/bge-reranker-v2-m3
2026-02-09 11:16:07 [INFO] 
๐ Searching for: ุดุฑุงุท ุทูุงู ุจู ุฏุฑุฎูุงุณุช ุฒูุฌ ฺุณุชุ...
2026-02-09 11:16:07 [INFO] [PIPELINE] query: ุดุฑุงุท ุทูุงู ุจู ุฏุฑุฎูุงุณุช ุฒูุฌ ฺุณุชุ
2026-02-09 11:16:07 [INFO] [RETRIEVER] embedding query
2026-02-09 11:16:08 [INFO] [RETRIEVER] searching top_k=50
2026-02-09 11:16:08 [INFO] [RETRIEVER] retrieved 50 hits
2026-02-09 11:16:08 [INFO] [PIPELINE] 50 hits after filtering
2026-02-09 11:16:08 [INFO] [PIPELINE] 15 passages selected by MMR
2026-02-09 11:16:08 [INFO] [RERANKER] reranking 15 passages
2026-02-09 11:16:12 [INFO] [PIPELINE] done in 5.31s. Final count: 12
2026-02-09 11:16:12 [INFO] 
============================================================
2026-02-09 11:16:12 [INFO] RESULTS (12 chunks selected)
2026-02-09 11:16:12 [INFO] ============================================================
2026-02-09 11:16:12 [INFO] 
๐ [RESULT 1]
2026-02-09 11:16:12 [INFO] ------------------------------
2026-02-09 11:16:12 [INFO] Title: ุดุฑุงุท ุฏุฑุฎูุงุณุช ุทูุงู ุงุฒ ุณู ุฒูุฌ
ุฑุฃ ุฏุงุฏฺฏุงู ุจุฏู ุจุง ุนูุงุช ุจู ุงุฎุชุงุฑุงุช ูุงููู ุฒูุฌุ ููุถูุน ูุงุฏู 1133 ูุงููู ูุฏูุ ุตุฏูุฑ ู ุงุฌุฑุง ฺฏูุงู ุนุฏู ุงูฺฉุงู ุณุงุฒุด (ุจุฏุฑุฎูุงุณุช ุฒูุฌ) ูุณุชูุฒู ูุฑุงุฌุนูโ ุฒูุฌ ุจุฏุงุฏฺฏุงู ูุฑุจูุทู ู ุฑุนุงุช ุญููู ูุงููู ู ูุชุตูุฑูโ ุฒูุฌู ููู ูุงุฏู 29 ูุงููู ุญูุงุช ุฎุงููุงุฏู ูุตูุจ ุณุงู 91 ูโุจุงุดุฏ. ุฏุฑ ูพุฑููุฏูโ ูุง ูุญู ูู ุฏุงุฏฺฏุงูโูุง ูุญุชุฑู ุฐูุฏุฎู ุจุง ุฑุนุงุช ุชุดุฑูุงุช ูุงููู ู ูุฒ ูุทุงุจู ูุงุฏู 29 ูุงููู ุญูุงุช ุฎุงููุงุฏู ฺฏูุงู ุนุฏู ุงูฺฉุงู ุณุงุฒุด ูุฐฺฉูุฑ ุฑุง ุตุงุฏุฑ ู ุงุฑุง ุตุงุฏุฑู ุฏุฑ ูุงูุช ุงูุฑ ูุงูุฏ ุงุฑุงุฏ ูุถุง ูโุจุงุดุฏ. ู ุงุฒ ุญุซ ุฑุนุงุช ุงุตูู ู ุชุดุฑูุงุช ุฏุงุฏุฑุณ ุงุฑุงุฏ ููุซุฑ ูุดููุฏ ููโุจุงุดุฏ. ููุฐุง ูุณุชูุฏุง ุจู ููุงุฏ 396 ู 370 ูุงููู ุงู ุฏุงุฏุฑุณ ูุฏู ูุตูุจ ุณุงู 79 ุฑุง ูุฑุฌุงูุฎูุงุณุชูโ ุดูุงุฑู *1400/6/1 ุดุนุจู *ุงุจุฑุงู ู ุนู ูพุฑููุฏู ูุถุง ุงุนุงุฏู ูโฺฏุฑุฏุฏ. ุดุนุจู * ุฑุณ: ุญ. ุญ. ูุณุชุดุงุฑ: ุญ. ู.
2026-02-09 11:16:12 [INFO] ------------------------------
2026-02-09 11:16:12 [INFO] 
๐ [RESULT 2]
2026-02-09 11:16:12 [INFO] ------------------------------
2026-02-09 11:16:12 [INFO] Title: ุชูุงุถุง ุทูุงู ุฒูุฌ ุจูโุนูุช ุนุฏู ุดุฑูุน ุฒูุฏฺฏ ูุดุชุฑฺฉ
ุฌูุฒู ูุฒุฏ ุฒูุฌู ูโุจุงุดุฏ. ุจุฏู ุงุณุช ุงุญุฑุงุฒ ุดุฑุงุท ุดุฑุน ุงุฌุฑุง ุตุบู ุทูุงู ุจุฑ ุนูุฏู ุณุฑุฏูุชุฑ ูุฌุฑ ุตุบู ุทูุงู ุฎูุงูุฏ ุจูุฏ. ุฒูุฌู ุจูุง ุจู ุฌูุงุจู ุขุฒูุงุดฺฏุงู ุชุฎุตุต ุจุงุฑุฏุงุฑ ููโุจุงุดุฏ. ุฑุฃ ุตุงุฏุฑู ุจุง ุชูุฌู ุจู ุงุจูุงุบ ูุงูุน ูุณุจุช ุจู ุฒูุฌ ุญุถูุฑ ุชูู ู ุธุฑู ูุฏุช ุจุณุช ุฑูุฒ ูพุณโุงุฒ ุงุจูุงุบ ูุงุจู ุชุฌุฏุฏูุธุฑุฎูุงู ุฏุฑ ูุญุงฺฉู ูุญุชุฑู ุชุฌุฏุฏูุธุฑ ุงุณุชุงู ุชูุฑุงู ูโุจุงุดุฏ. ุฑุฆุณ ุดุนุจู 241 ุฏุงุฏฺฏุงู ุนููู ุญููู ุชูุฑุงู ููุฏู ุฑุฃ ุฏุงุฏฺฏุงู ุชุฌุฏุฏูุธุฑ ุงุณุชุงู ุฏุฑ ุฎุตูุต ุฏุงุฏุฎูุงุณุช ุชุฌุฏุฏูุธุฑุฎูุงู ู. ุงูู. ุจูโุทุฑูุช ู. ฺฉ.
2026-02-09 11:16:12 [INFO] ------------------------------
2026-02-09 11:16:12 [INFO] 
๐ [RESULT 3]
2026-02-09 11:16:12 [INFO] ------------------------------
2026-02-09 11:16:12 [INFO] Title: ุฏุฑุฎูุงุณุช ุทูุงู ุจู ุฏูู ุงุฒุฏูุงุฌ ูููุช ุฒูุฌ
ุฏุฑุฎูุงุณุช ุทูุงู ุจู ุฏูู ุงุฒุฏูุงุฌ ูููุช ุฒูุฌ ุจูุฏ ุฏูุงุฒุฏูู ุดุฑูุท ุถูู ุนูุฏ ูฺฉุงุญ ูุจู ุจุฑ ุชุญูู ูฺฉุงูุช ุฏุฑ ุทูุงู ุจู ุฏูู ุงุฒุฏูุงุฌ ูุฌุฏุฏ ุฒูุฌุ ุดุงูู ุงุฒุฏูุงุฌ ูููุช ู ุงุฒุฏูุงุฌ ุฏุงุฆู ุงุณุช. ุฑุฃ ุฏุงุฏฺฏุงู ุจุฏู ุฏุฑ ุฎุตูุต ุฏุงุฏุฎูุงุณุช ุฎุงูู ุท. ุต. ุจูโุทุฑูุช ุขูุง ู. ู.
2026-02-09 11:16:12 [INFO] ------------------------------
2026-02-09 11:16:12 [INFO] 
๐ [RESULT 4]
2026-02-09 11:16:12 [INFO] ------------------------------
2026-02-09 11:16:12 [INFO] Title: ุฏุฑุฎูุงุณุช ุทูุงู ุจู ุฏูู ูุงุจุงุฑูุฑ ุฒูุฌ
ุฏุฑุฎูุงุณุช ุทูุงู ุจู ุฏูู ูุงุจุงุฑูุฑ ุฒูุฌ ููุธูุฑ ุงุฒ ุดุฑุท ุนุฏู ุจุงุฑูุฑ ุฒูุฌ ุชุง 5 ุณุงู ุงุฒ ุชุงุฑุฎ ุงุฒุฏูุงุฌุ ุนุฏู ุจุงุฑูุฑ ุจู ุฑูุด ุทุจุน ุงุณุช ู ฺูุงูฺู ุฒูุฌ ุงูฺฉุงู ุจุงุฑูุฑ ุจู ุฑูุดโูุง ูพุดุฑูุชู ุนูู ุฑุง ุฏุงุดุชู ุจุงุดุฏ ฺฉู ูุณุชูุฒู ุฑุถุงุช ุฒูุฌู ุงุณุชุ ุดุฑุท ูฺฉุงูุช ุฏุฑ ุทูุงู ุจุฑุง ุฒูุฌู ูุญูู ุดุฏูโุงุณุช. ุฑุฃ ุฎูุงุตู ุฌุฑุงู ูพุฑููุฏู ุฎุงูู ุฎ. ุญ. ูุฑุฒูุฏ ุฌ. ุฏุงุฏุฎูุงุณุช ุจูโุทุฑูุช ุขูุง ุงูู. ุณ.
2026-02-09 11:16:12 [INFO] ------------------------------
2026-02-09 11:16:12 [INFO] 
๐ [RESULT 5]
2026-02-09 11:16:12 [INFO] ------------------------------
2026-02-09 11:16:12 [INFO] Title: ุฏุฑุฎูุงุณุช ุทูุงู ุฒูุฌู ุจู ุฏูู ุณูุกูุนุงุดุฑุช ุฒูุฌ
ุฏุฑุฎูุงุณุช ุทูุงู ุฒูุฌู ุจู ุฏูู ุณูุกูุนุงุดุฑุช ุฒูุฌ ูุฒุฏฺฉ ุงุฒ ุฏุจุฑ ุงุฒ ููุงุฑุฏ ุณูุกูุนุงุดุฑุช ุฒูุฌ ูุณุจุช ุจู ุฒูุฌู ุจูุฏู ู ููุฌุจ ุชุญูู ูฺฉุงูุช ุจู ุงุณุชูุงุฏ ุดุฑูุท ุถูู ุนูุฏ ูฺฉุงุญ ูโุดูุฏ. ุฑุฃ ุฎูุงุตู ุฌุฑุงู ูพุฑููุฏู ุฎุงูู ุณ. ุงูู. ุจูโุทุฑูุช ุขูุง ุณ. ุญ. ุจุง ูฺฉุงูุช ุฑ. ู.
2026-02-09 11:16:12 [INFO] ------------------------------
2026-02-09 11:16:12 [INFO] 
๐ [RESULT 6]
2026-02-09 11:16:12 [INFO] ------------------------------
2026-02-09 11:16:12 [INFO] Title: ุฏุฑุฎูุงุณุช ุทูุงู ุจู ุฏูู ุงุฒุฏูุงุฌ ูุฌุฏุฏ ุฒูุฌ
ุฏุฑุฎูุงุณุช ุทูุงู ุจู ุฏูู ุงุฒุฏูุงุฌ ูุฌุฏุฏ ุฒูุฌ ุงุฒุฏูุงุฌ ูุฌุฏุฏ ุฒูุฌ ุฏุฑ ุตูุฑุช ููุฌุจ ุชุญูู ุจูุฏ ุฏูุงุฒุฏูู ุงุฒ ุนูุฏูุงูู ู ุงุฒ ููุฌุจุงุช ุทูุงู ุงุณุช ฺฉู ุจุง ุงุฌุงุฒู ุฏุงุฏฺฏุงู ู ุจูโุนูุช ุนุฏู ุชูฺฉู ุฒูุฌู ูุจุงุดุฏ. ุฑุฃ ุฏุงุฏฺฏุงู ุชุฌุฏุฏูุธุฑ ุงุณุชุงู ุชุฌุฏุฏูุธุฑโฌุฎูุงู ุขูุง ู. ู. ุงุฒ ุฏุงุฏูุงูู ุดูุงุฑู [NUM_3faca3e9] ููุฑุฎ 1393/5/18 ุดุนุจู ูุญุชุฑู ฺูุงุฑู ุฏุงุฏฺฏุงู ุฎุงููุงุฏู ุดูุฑุงุฑ ฺฉู ุจู ููุฌุจ ุขู ุฏุนู ูุทุฑูุญู ุงุฒ ูุงุญู ุชุฌุฏุฏูุธุฑุฎูุงูุฏู ุฎุงูู ฺฏ. ู. ุจุง ูฺฉุงูุช ุขูุง ุน. ู. ุจู ุฎูุงุณุชู ุตุฏูุฑ ุญฺฉู ุทูุงู ุฏุฑ ูพุฑููุฏู ฺฉูุงุณู. . ุญฺฉู ุจู ุทูุงู ุฎูุน ุชุตุฏุฑ ฺฏุฑุฏุฏู ุงุณุช ูุงุฑุฏ ุงุณุช ฺุฑุง ฺฉู ุฒูุฌู ุนูุช ุฏุฑุฎูุงุณุช ุทูุงู ุฎูุฏ ุฑุง ุชุญูู ุดุฑุท ุถูู ุนูุฏ ููุนฺฉุณ ุฏุฑ ุณูุฏ ูฺฉุงุญู ุดูุงุฑู. . ุชูุธู ุฏุฑ ุฏูุชุฑ ุงุฒุฏูุงุฌ ุดูุงุฑู. .
2026-02-09 11:16:12 [INFO] ------------------------------
2026-02-09 11:16:12 [INFO] 
๐ [RESULT 7]
2026-02-09 11:16:12 [INFO] ------------------------------
2026-02-09 11:16:12 [INFO] Title: ุฏุฑุฎูุงุณุช ุทูุงู ุฒูุฌู ุจูโุฏูู ูุญฺฉููุช ฺฉูุฑ ุฒูุฌ
ุฏุฑ ุงู ูุฑุญูู ุฏุงุฏฺฏุงู ูุจุงุฏุฑุช ุจู ุตุฏูุฑ ูุฑุงุฑ ุงุฑุฌุงุน ุงูุฑ ุจู ุฏุงูุฑ ูููุฏู ฺฉู ูพุณโุงุฒ ุชุนู ุฏุงูุฑุงู ู ุท ุชุดุฑูุงุชุ ูุธุฑ ุขูุงู ฺฉู ููุงุฏุง ุญฺฉุงุช ุงุฒ ุนุฏู ุชููู ุฏุฑ ุจุฑูุฑุงุฑ ุตูุญ ู ุณุงุฒุด ุจู ุฒูุฌู ุฏุงุฑุฏุ ุงุฑุงุฆู ูโุดูุฏ. ุฏุงุฏฺฏุงู ุฎุชู ุฏุงุฏุฑุณ ุฑุง ุงุนูุงู ู ุจุง ุชูุฌู ุจู ูุญุชูุงุช ูพุฑููุฏู ู ุงุธูุงุฑุงุช ุทุฑูู ู ุงุญุฑุงุฒ ุฑุงุจุทู ุฒูุฌุช ู ุงูฺฉู ูุณุงุน ุฏุงุฏฺฏุงู ู ุฏุงูุฑุงู ุฏุฑ ุฌูุช ุงุฌุงุฏ ุตูุญ ู ุณุงุฒุด ููุฏ ู ูุคุซุฑ ูุงูุน ูฺฏุฑุฏุฏู ู ุฒูุฌ ู ูฺฉู ู ุจุง ุงุดุงุฑู ุจู ุณูุงุจู ูุชุนุฏุฏ ฺฉูุฑ ุฒูุฌ ูุฏุน ุชุฎูู ู ุงุฒ ุจูุฏูุง 7ู9 ุดุฑูุท ุถูู ุนูุฏ ฺฏุฑุฏุฏู ุจุง ููุงุญุธู ุฏุงุฏูุงููโูุง ุงุณุชูุงุฏ ุฏุฑ ููุฑุฏ ูุญฺฉููุช ุฒูุฌ ุจู ุงุชูุงู ุฑุงุจุทู ูุงูุดุฑูุน ู ูฺฏูุฏุงุฑ ู ุงุณุชุนูุงู ููุงุฏ ูุฎุฏุฑ ู ูฺฏูุฏุงุฑ ููุญ ูุดุฑุฏู ูุจุชุฐู ู ูุณุชูุฌู ฺฉู ููฺฏ ุงุฒ ูุตุงุฏู ุจุงุฑุฒ ุงุฑุชฺฉุงุจ ุฌุฑุงุฆู ุฎูุงู ุดุฆูู ุฎุงููุงุฏฺฏ ุฒูุฌู ูโุจุงุดุฏ ุจูุงุจุฑุงู ุชุฎูู ุฒูุฌ ุงุฒ ุจูุฏ 9 ุดุฑูุท ุถูู ุนูุฏ ุฑุง ูุญุฑุฒ ุฏุงูุณุชู ู ุท ุฏุงุฏูุงูู ุดูุงุฑู [CASE_ID_906d1c0a] ููุฑุฎ 26/1/92 ูุณุชูุฏุง ุจู ููุงุฏ 234 ู 237 ู 119 ูุงููู ูุฏู ู ุชุญูู ุจูุฏ 9 ุดุฑูุท ุถูู ุนูุฏุ ฺฏูุงู ุนุฏู ุงูฺฉุงู ุณุงุฒุด ุตุงุฏุฑ ู ุจู ุฒูุฌู ุงุฌุงุฒู ูโุฏูุฏ ุจุง ูุฑุงุฌุนู ุจู ุฏูุงุชุฑ ุฑุณู ุทูุงู ุจุง ุงุณุชูุงุฏู ุงุฒ ูฺฉุงูุช ุชููุถ ูุงุด ุงุฒ ุชุญูู ุดุฑุท ุฎูุฏ ุฑุง ูุทููู ููุงุฏ. ุญุถุงูุช ูุฑุฒูุฏุงู ูุดุชุฑฺฉ ุจุง ูพุฏุฑ ุงุณุช. ููุน ุทูุงู ุจุง ุชูุฌู ุจู ุนุฏู ุจุฐู ูุงู ุงุฒ ูุงุญู ุฒูุฌู ุฑุฌุน ุงุนูุงูโุดุฏู ุงุณุช. ูพุณโุงุฒ ุงุจูุงุบ ุงู ุฑุฃ ุจู ูฺฉู ุฒูุฌุ ูุงูุจุฑุฏู ูุจุงุฏุฑุช ุจู ุชุฌุฏุฏูุธุฑุฎูุงู ูููุฏู ู ุฏุฑ ูุงุญู ุฎูุฏ ุชูุถุญ ูโุฏูุฏ ฺฉู ูฺ ฺฉุฏุงู ุงุฒ ูุญฺฉููุชโูุง ุฒูุฌ ุตุฑูโูุธุฑ ุงุฒ ฺฺฏููฺฏ ุงุชูุงู ูุบุงุฑ ุจุง ุดุฆูู ุฎุงููุงุฏฺฏ ุฒูุฌู ูุณุช. ุฒูุฌ ุดฺฉุงุช ฺฉูุงูุจุฑุฏุงุฑ ุนูู ุฒูุฌู ุชูุฏู ูููุฏูโุงุณุช ฺฉู ุฏุฑ ุดุนุจู 6 ุจุงุฒูพุฑุณ ุงููุงุฒ ุฏุฑ ุญุงู ุฑุณุฏฺฏ ุงุณุช ุฒูุฌู ุจุง ุญูู ู ุชููุจ ุชูุงู ุงููุงู ุฒูุฌ ุฑุง ุงุฒ ฺูฺฏ ู ุฏุฑุขูุฑุฏู ุงุณุช ู ุณูพุณโุชูุงุถุง ุทูุงู ูููุฏูโุงุณุช ูฺฉู ุฒูุฌู ูุฒ ุท ูุงุญูโุง ุจู ููุงุฑุฏ ูุทุฑูุญู ุฏุฑ ูุงุญู ุชุฌุฏุฏูุธุฑุฎูุงู ูพุงุณุฎ ูโุฏูุฏ.
2026-02-09 11:16:12 [INFO] ------------------------------
2026-02-09 11:16:12 [INFO] 
๐ [RESULT 8]
2026-02-09 11:16:12 [INFO] ------------------------------
2026-02-09 11:16:12 [INFO] Title: ุฏุฑุฎูุงุณุช ุทูุงู ุจู ููุฌุจ ุชููุฑ ุฒูุฌู ุงุฒ ุฒูุฌ
ุฏุฑุฎูุงุณุช ุทูุงู ุจู ููุฌุจ ุชููุฑ ุฒูุฌู ุงุฒ ุฒูุฌ ฺฉุฑุงูุช ุดุฏุฏ ุฒูุฌู ุงุฒ ุฒูุฌ ุจู ุฌูุช ูุฌูุฏ ุงุฎุชูุงูุงุช ูุชูุงุฏ ู ููุงุฑูุช ุฌุณู ุทุฑููุ ุงุฒ ููุฌุจุงุช ูพุฐุฑุด ุฏุงุฏุฎูุงุณุช ุทูุงู ุงุฒ ูุงุญู ุฒูุฌู ุงุณุช. ุฑุฃ ุฏุงุฏฺฏุงู ุจุฏู ุฏุฑ ููุถูุน ุฏุนู ุฎูุงูุงู ุฎุงูู ุจ. ุญ. ู. ุจุง ูฺฉุงูุช 1- ุขูุง ุน. ุด. 2- ุฎุงูู ู. ู. ุจูโุทุฑูุช ุฎูุงูุฏู ุขูุง ู. ู. ุจุง ูฺฉุงูุช ุฎุงูู ู. ุงูู.
2026-02-09 11:16:12 [INFO] ------------------------------
2026-02-09 11:16:12 [INFO] 
๐ [RESULT 9]
2026-02-09 11:16:12 [INFO] ------------------------------
2026-02-09 11:16:12 [INFO] Title: ุฏุฑุฎูุงุณุช ุทูุงู ุชูุณุท ุฒูุฌู ุจู ุฏูู ุชุฑฺฉ ุฒูุฏฺฏ ูุดุชุฑฺฉ ุฒูุฌ
ุณ. ูุณุจุช ุจู ุฏุงุฏูุงูู ุดูุงุฑู [CASE_ID_edd94289]-ููุฑุฎ1393/11/29 ุดุนุจู ุดุดู ุฏุงุฏฺฏุงู ุชุฌุฏุฏูุธุฑ ุงุณุชุงู ฺฏูุงู ฺฉู ุฏุฑููุงู ููุถ ุฏุงุฏูุงูู ุจุฏู ู ูุชุถูู ุญฺฉู ุจุฑ ุจุทูุงู ุฏุนู ูุดุงุฑุงููุง ุจุฎูุงุณุชู ุทูุงู ุงูุดุงุก ฺฏุฑุฏุฏู ูุงุฑุฏ ู ููุฌู ููโุจุงุดุฏ ุฒุฑุง ุฒูุฌู ุฎูุงูุงู ุจุฏู ู ูฺฉู ุงู ฺฉู ุจุดุฑุญ ุฏุงุฏุฎูุงุณุช ุชูุฏู ู ููุงุญ ุงุจุฑุงุฒ ู ุชูุถุญุงุช ุจุนุฏ ุฏุฑ ุฌูุณุงุช ุฑุณุฏฺฏ ุจุง ุงุนูุงู ุงูฺฉู ุฒูุฌู ุฏู ูุฑุฒูุฏ ูุดุชุฑฺฉ ุฏุงุฑูุฏ ู ุจูุญุงุธ ูุดฺฉูุงุช ุดุฏุฏ ูุงู ฺฉู ุฏุฑ ุทูู ุฒูุฏฺฏ ูุดุชุฑฺฉ ุงุฒ ุณู ุฒูุฌ ุจุฑุง ุฒูุฌู ูุฑุงูู ุดุฏู ุฒูุฌู ุฑุบุจุช ุจู ุงุฏุงูู ุฒูุฏฺฏ ูุดุชุฑฺฉ ุจุง ุฒูุฌ ุฎูุงูุฏู ูุฏุงุฑุฏ ู ุฒูุฌ ุจุด ุงุฒ ฺฉุณุงู ุจูโุจูุงูู ฺฉุงุฑ ู ฺฉุณุจ ุฏุฑ ุขูุฏ ููุฒู ูุดุชุฑฺฉ ุฑุง ุฑูุง ฺฉุฑุฏู ู ุงุฏุนุง ูโฺฉูุฏ ฺฉู ุฏุฑ ุชูุฑุงู ูุดุบูู ุจู ฺฉุงุฑ ุงุณุช ู ุงุฒ ูุฑุฏุงุฏ 1392 ุจู ุจุนุฏ ูู ูฺ ููููโุง ุจู ุฒู ู ูุฑุฒูุฏุงู ููพุฑุฏุงุฎุชู ู ุจุฏูู ูุฒุจูุฑ ู ุนุฏู ุชูุงูู ุงุฎูุงู ุงุฏุงูู ุฒูุฏฺฏ ูุดุชุฑฺฉ ุจุฑุง ุงู ููฺฉู ูุจูุฏ.
2026-02-09 11:16:12 [INFO] ------------------------------
2026-02-09 11:16:12 [INFO] 
๐ [RESULT 10]
2026-02-09 11:16:12 [INFO] ------------------------------
2026-02-09 11:16:12 [INFO] Title: ุชูุงุถุง ุทูุงู ุจู ุฌูุช ุดุฑูุท ุถูู ุนูุฏ ู ุนุณุฑ ู ุญุฑุฌ
ุชูุงุถุง ุทูุงู ุจู ุฌูุช ุดุฑูุท ุถูู ุนูุฏ ู ุนุณุฑ ู ุญุฑุฌ ุงูฺฉุงู ุทุฑุญ ุฏุนูุง ุทูุงู ุจู ุฏู ุณุจุจ ุชุฎูู ุงุฒ ุดุฑูุท ุถูู ุนูุฏ ูฺฉุงุญ ู ุนุณุฑ ู ุญุฑุฌ ุฏุฑ ุถูู ฺฉ ุฏุงุฏุฎูุงุณุช ูุฌูุฏ ุฏุงุฑุฏ. ุฑุฃ ุฎูุงุตู ุฌุฑุงู ูพุฑููุฏู ูุญุชูุงุช ูพุฑููุฏู ูุญุงฺฉูุงุช ูุงุตูู ุญุงฺฉโุงุฒ ุงู ุงุณุช ฺฉู ุขูุงุงู ฺฉ. ุน. ู ุฑ. ู. ุจู ูฺฉุงูุช ุงุฒ ุฎุงูู ู. ฺ. ุฏุงุฏุฎูุงุณุช ุจุทุฑูุช ุขูุง ุญ. ุน.
2026-02-09 11:16:12 [INFO] ------------------------------
2026-02-09 11:16:12 [INFO] 
๐ [RESULT 11]
2026-02-09 11:16:12 [INFO] ------------------------------
2026-02-09 11:16:12 [INFO] Title: ุฏุฑุฎูุงุณุช ุทูุงู ุชูุณุท ุฒูุฌู ุจู ุฏูู ุนุณุฑ ู ุญุฑุฌ
ุฏุฑุฎูุงุณุช ุทูุงู ุชูุณุท ุฒูุฌู ุจู ุฏูู ุนุณุฑ ู ุญุฑุฌ ุตุฑู ูุญฺฉููุช ุฒูุฌ ุจู ุงุชูุงู ูุฒุงุญูุช ุชููู ู ุชููู ููุฌุจ ุนุณุฑ ู ุญุฑุฌ ุฒูุฌู ู ุงุฒ ูุตุงุฏู ุชุจุตุฑู ุฐู ูุงุฏู 1130 ูุงููู ูุฏูโูุณุช. ุฑุฃ ุฎูุงุตู ุฌุฑุงู ูพุฑููุฏู ุฎุงูู ู. ู. ู. ุจูโุทุฑูุช ุขูุง ู. ุฑ. ู. ุฏุฑ ุชุงุฑุฎ 1393/7/7 ุฏุงุฏุฎูุงุณุช ุจู ุฎูุงุณุชู ุทูุงู ุฏุฑ ูุญุงฺฉู ุฎุงููุงุฏู ุชูุฑุงู ูุทุฑุญ ูููุฏู ฺฉู ุจู ุดุนุจู 233 ุงุฑุฌุงุน ุดุฏูโุงุณุช ุฎูุงูุงู ุฏุฑ ูุชู ุฏุงุฏุฎูุงุณุช ุจุง ุงุณุชูุงุฏ ุจู ุณูุฏ ูฺฉุงุญูโ 1390/3/26 ุดูุงุฑู. . ุฏูุชุฑ ุฑุณู ุงุฒุฏูุงุฌ. .
2026-02-09 11:16:12 [INFO] ------------------------------
2026-02-09 11:16:12 [INFO] 
๐ [RESULT 12]
2026-02-09 11:16:12 [INFO] ------------------------------
2026-02-09 11:16:12 [INFO] Title: ุชูุงุถุง ุทูุงู ุฒูุฌู ุจู ุฏูู ูููุน ุทูุงู ุฏุฑ ุฎุงุฑุฌ ุงุฒ ฺฉุดูุฑ
ุชูุงุถุง ุทูุงู ุฒูุฌู ุจู ุฏูู ูููุน ุทูุงู ุฏุฑ ุฎุงุฑุฌ ุงุฒ ฺฉุดูุฑ ฺูุงูฺู ุฒูุฌู ุฏุฑ ุฏุงุฏฺฏุงูโูุง ุฎุงุฑุฌ ุงุฒ ููุฏฺฏุฑ ุฌุฏุง ุดุฏู ุจุงุดูุฏ ูุฑฺูุฏ ุจุฑุงุจุฑ ูุงููู ุงุฑุงู ูููุฒ ุฒู ู ุดููุฑ ูุญุณูุจ ูโุดููุฏ ุงูุง ูุถุนุช ุญุงุฏุซ ุจุฑ ุฒูุฏฺฏ ุฒูุฌู ูพุณโุงุฒ ุงูุญูุงู ุฑุงุจุทู ุฒูุฌุช ุชูุณุท ุฏุงุฏฺฏุงู ูุญู ุงูุงูุช ุงูุ ุงุฒ ูุตุงุฏู ุนุณุฑ ู ุญุฑุฌ ุงุณุช. ุฑุฃ ุฎูุงุตู ุฌุฑุงู ูพุฑููุฏู ุฎุงูู ู. ุต. ุจุง ูฺฉุงูุช ูุน ุงููุงุณุทู ุฎุงูู ุด. ู. ุฏุงุฏุฎูุงุณุช ุจูโุทุฑูุช ุขูุง ุจ. ุงูู. ุจู ุฎูุงุณุชู ุตุฏูุฑ ุญฺฉู ุทูุงู ูุณุชูุฏ ุจู ุชุตูุฑ ุณูุฏ ุงุฒุฏูุงุฌ 2/7/1380 ฺฉู ุฑุงุจุทู ุฒูุฌุช ุฏุงุฆู ุจู ุฎูุงูุงู ู ุฎูุงูุฏู ุจุฑูุฑุงุฑุดุฏู ุงุณุช ู ูุฒ ุชุฑุฌูู ุฑุณู ุญฺฉู ุทูุงู ููุฑุฎ 28/11/87 ุตุงุฏุฑู ุงุฒ ุฏุงุฏฺฏุงู ุจุฎุด ุณุงูุช ูููพุชูู ุงูฺฏูุณุชุงู ู ุชุฑุฌูู ุฑุณู ุญฺฉู ููุฑุฎ 15/12/87 ูุฑุจูุท ุจู ูุงฺฏุฐุงุฑ ุญุถุงูุช ูุฑุฒูุฏ ูุดุชุฑฺฉ ุจู ุฎุงูู ู. ุต.
2026-02-09 11:16:12 [INFO] ------------------------------
